<?xml version="1.0" encoding="UTF-8"?>
<!-- Generated by org.testng.reporters.JUnitReportReporter -->
<testsuite skipped="0" hostname="DESKTOP-OJTF1EJ" name="com.cashe.mobile.tests.Onboarding" tests="1" failures="0" timestamp="18 Sep 2019 09:31:12 GMT" time="1.576" errors="1">
  <testcase name="onboarding" time="1.576" classname="com.cashe.mobile.tests.Onboarding">
    <error type="org.openqa.selenium.NoSuchElementException" message="An element could not be located on the page using the given search parameters. (WARNING: The server did not provide any stacktrace information)
Command duration or timeout: 1.56 seconds
For documentation on this error, please visit: http://seleniumhq.org/exceptions/no_such_element.html
Build info: version: &#039;3.4.0&#039;, revision: &#039;unknown&#039;, time: &#039;unknown&#039;
System info: host: &#039;DESKTOP-OJTF1EJ&#039;, ip: &#039;172.16.0.186&#039;, os.name: &#039;Windows 10&#039;, os.arch: &#039;amd64&#039;, os.version: &#039;10.0&#039;, java.version: &#039;1.8.0_221&#039;
Driver info: io.appium.java_client.android.AndroidDriver
Capabilities [{appPackage=com.dbs.in.digibank, pCloudy_DeviceManafacturer=Samsung, statBarHeight=42, noReset=false, viewportRect={top=42, left=0, width=720, height=1238}, deviceName=520090dd4a323505, fullReset=false, platform=LINUX, deviceUDID=520090dd4a323505, desired={appPackage=com.dbs.in.digibank, pCloudy_DeviceManafacturer=Samsung, noReset=false, pCloudy_Username=swapnamadhari@dbs.com, pCloudy_DurationInMinutes=10, deviceName=116, fullReset=false, launchTimeout=90000, pCloudy_ApiKey=dm43xk4bvq3kkvj5d2zp7nh4, appActivity=com.dbs.in.digitalbank.ui.splash.SplashActivity, newCommandTimeout=600, automationName=uiautomator2, udid=520090dd4a323505, platformName=Android, systemPort=32395}, newCommandTimeout=600, platformVersion=8.0.0, webStorageEnabled=false, automationName=uiautomator2, takesScreenshot=true, javascriptEnabled=true, udid=520090dd4a323505, platformName=Android, deviceApiLevel=26, deviceManufacturer=samsung, systemPort=32395, deviceScreenSize=720x1280, networkConnectionEnabled=true, pCloudy_Username=swapnamadhari@dbs.com, warnings={}, pCloudy_DurationInMinutes=10, databaseEnabled=false, launchTimeout=90000, pCloudy_ApiKey=dm43xk4bvq3kkvj5d2zp7nh4, appActivity=com.dbs.in.digitalbank.ui.splash.SplashActivity, pixelRatio=1.75, locationContextEnabled=false, deviceScreenDensity=280, deviceModel=SM-J720F}]
Session ID: 76ab8857-8e49-4209-ba1c-0890dd323e9d
*** Element info: {Using=xpath, value=//*[@text=&#039;SignUp&#039;]}">
      <![CDATA[org.openqa.selenium.NoSuchElementException: An element could not be located on the page using the given search parameters. (WARNING: The server did not provide any stacktrace information)
Command duration or timeout: 1.56 seconds
For documentation on this error, please visit: http://seleniumhq.org/exceptions/no_such_element.html
Build info: version: '3.4.0', revision: 'unknown', time: 'unknown'
System info: host: 'DESKTOP-OJTF1EJ', ip: '172.16.0.186', os.name: 'Windows 10', os.arch: 'amd64', os.version: '10.0', java.version: '1.8.0_221'
Driver info: io.appium.java_client.android.AndroidDriver
Capabilities [{appPackage=com.dbs.in.digibank, pCloudy_DeviceManafacturer=Samsung, statBarHeight=42, noReset=false, viewportRect={top=42, left=0, width=720, height=1238}, deviceName=520090dd4a323505, fullReset=false, platform=LINUX, deviceUDID=520090dd4a323505, desired={appPackage=com.dbs.in.digibank, pCloudy_DeviceManafacturer=Samsung, noReset=false, pCloudy_Username=swapnamadhari@dbs.com, pCloudy_DurationInMinutes=10, deviceName=116, fullReset=false, launchTimeout=90000, pCloudy_ApiKey=dm43xk4bvq3kkvj5d2zp7nh4, appActivity=com.dbs.in.digitalbank.ui.splash.SplashActivity, newCommandTimeout=600, automationName=uiautomator2, udid=520090dd4a323505, platformName=Android, systemPort=32395}, newCommandTimeout=600, platformVersion=8.0.0, webStorageEnabled=false, automationName=uiautomator2, takesScreenshot=true, javascriptEnabled=true, udid=520090dd4a323505, platformName=Android, deviceApiLevel=26, deviceManufacturer=samsung, systemPort=32395, deviceScreenSize=720x1280, networkConnectionEnabled=true, pCloudy_Username=swapnamadhari@dbs.com, warnings={}, pCloudy_DurationInMinutes=10, databaseEnabled=false, launchTimeout=90000, pCloudy_ApiKey=dm43xk4bvq3kkvj5d2zp7nh4, appActivity=com.dbs.in.digitalbank.ui.splash.SplashActivity, pixelRatio=1.75, locationContextEnabled=false, deviceScreenDensity=280, deviceModel=SM-J720F}]
Session ID: 76ab8857-8e49-4209-ba1c-0890dd323e9d
*** Element info: {Using=xpath, value=//*[@text='SignUp']}
	at sun.reflect.NativeConstructorAccessorImpl.newInstance0(Native Method)
	at sun.reflect.NativeConstructorAccessorImpl.newInstance(Unknown Source)
	at sun.reflect.DelegatingConstructorAccessorImpl.newInstance(Unknown Source)
	at java.lang.reflect.Constructor.newInstance(Unknown Source)
	at org.openqa.selenium.remote.ErrorHandler.createThrowable(ErrorHandler.java:215)
	at org.openqa.selenium.remote.ErrorHandler.throwIfResponseFailed(ErrorHandler.java:167)
	at org.openqa.selenium.remote.RemoteWebDriver.execute(RemoteWebDriver.java:671)
	at io.appium.java_client.DefaultGenericMobileDriver.execute(DefaultGenericMobileDriver.java:42)
	at io.appium.java_client.AppiumDriver.execute(AppiumDriver.java:1)
	at io.appium.java_client.android.AndroidDriver.execute(AndroidDriver.java:1)
	at org.openqa.selenium.remote.RemoteWebDriver.findElement(RemoteWebDriver.java:410)
	at io.appium.java_client.DefaultGenericMobileDriver.findElement(DefaultGenericMobileDriver.java:62)
	at io.appium.java_client.AppiumDriver.findElement(AppiumDriver.java:1)
	at io.appium.java_client.android.AndroidDriver.findElement(AndroidDriver.java:1)
	at org.openqa.selenium.remote.RemoteWebDriver.findElementByXPath(RemoteWebDriver.java:509)
	at io.appium.java_client.DefaultGenericMobileDriver.findElementByXPath(DefaultGenericMobileDriver.java:140)
	at io.appium.java_client.AppiumDriver.findElementByXPath(AppiumDriver.java:1)
	at io.appium.java_client.android.AndroidDriver.findElementByXPath(AndroidDriver.java:1)
	at org.openqa.selenium.By$ByXPath.findElement(By.java:361)
	at org.openqa.selenium.remote.RemoteWebDriver.findElement(RemoteWebDriver.java:402)
	at io.appium.java_client.DefaultGenericMobileDriver.findElement(DefaultGenericMobileDriver.java:58)
	at io.appium.java_client.AppiumDriver.findElement(AppiumDriver.java:1)
	at io.appium.java_client.android.AndroidDriver.findElement(AndroidDriver.java:1)
	at com.cashe.mobile.tests.Onboarding.onboarding(Onboarding.java:25)
	at sun.reflect.NativeMethodAccessorImpl.invoke0(Native Method)
	at sun.reflect.NativeMethodAccessorImpl.invoke(Unknown Source)
	at sun.reflect.DelegatingMethodAccessorImpl.invoke(Unknown Source)
	at java.lang.reflect.Method.invoke(Unknown Source)
	at org.testng.internal.MethodInvocationHelper.invokeMethod(MethodInvocationHelper.java:108)
	at org.testng.internal.Invoker.invokeMethod(Invoker.java:661)
	at org.testng.internal.Invoker.invokeTestMethod(Invoker.java:869)
	at org.testng.internal.Invoker.invokeTestMethods(Invoker.java:1193)
	at org.testng.internal.TestMethodWorker.invokeTestMethods(TestMethodWorker.java:126)
	at org.testng.internal.TestMethodWorker.run(TestMethodWorker.java:109)
	at org.testng.TestRunner.privateRun(TestRunner.java:744)
	at org.testng.TestRunner.run(TestRunner.java:602)
	at org.testng.SuiteRunner.runTest(SuiteRunner.java:380)
	at org.testng.SuiteRunner.runSequentially(SuiteRunner.java:375)
	at org.testng.SuiteRunner.privateRun(SuiteRunner.java:340)
	at org.testng.SuiteRunner.run(SuiteRunner.java:289)
	at org.testng.SuiteRunnerWorker.runSuite(SuiteRunnerWorker.java:52)
	at org.testng.SuiteRunnerWorker.run(SuiteRunnerWorker.java:86)
	at org.testng.TestNG.runSuitesSequentially(TestNG.java:1301)
	at org.testng.TestNG.runSuitesLocally(TestNG.java:1226)
	at org.testng.TestNG.runSuites(TestNG.java:1144)
	at org.testng.TestNG.run(TestNG.java:1115)
	at org.testng.remote.AbstractRemoteTestNG.run(AbstractRemoteTestNG.java:114)
	at org.testng.remote.RemoteTestNG.initAndRun(RemoteTestNG.java:251)
	at org.testng.remote.RemoteTestNG.main(RemoteTestNG.java:77)
]]>
    </error>
  </testcase> <!-- onboarding -->
</testsuite> <!-- com.cashe.mobile.tests.Onboarding -->
